[debug] [2022-10-19T09:41:36.607Z] ----------------------------------------------------------------------
[debug] [2022-10-19T09:41:36.616Z] Command:       C:\Program Files\nodejs\node.exe C:\Users\lenovo\AppData\Roaming\npm\node_modules\firebase-tools\lib\bin\firebase.js emulators:start
[debug] [2022-10-19T09:41:36.618Z] CLI Version:   11.14.4
[debug] [2022-10-19T09:41:36.619Z] Platform:      win32
[debug] [2022-10-19T09:41:36.619Z] Node Version:  v16.15.0
[debug] [2022-10-19T09:41:36.704Z] Time:          Wed Oct 19 2022 15:11:36 GMT+0530 (India Standard Time)
[debug] [2022-10-19T09:41:36.705Z] ----------------------------------------------------------------------
[debug] 
[debug] [2022-10-19T09:41:37.223Z] > command requires scopes: ["email","openid","https://www.googleapis.com/auth/cloudplatformprojects.readonly","https://www.googleapis.com/auth/firebase","https://www.googleapis.com/auth/cloud-platform"]
[debug] [2022-10-19T09:41:37.225Z] > authorizing via signed-in user (shrutisharma786k@gmail.com)
[info] i  emulators: Starting emulators: functions, hosting {"metadata":{"emulator":{"name":"hub"},"message":"Starting emulators: functions, hosting"}}
[debug] [2022-10-19T09:41:37.294Z] [logging] Logging Emulator only supports listening on one address (127.0.0.1). Not listening on ::1
[debug] [2022-10-19T09:41:37.295Z] [hosting] Hosting Emulator only supports listening on one address (127.0.0.1). Not listening on ::1
[debug] [2022-10-19T09:41:37.296Z] assigned listening specs for emulators {"user":{"hub":[{"address":"127.0.0.1","family":"IPv4","port":4400},{"address":"::1","family":"IPv6","port":4400}],"ui":[{"address":"127.0.0.1","family":"IPv4","port":4000},{"address":"::1","family":"IPv6","port":4000}],"logging":[{"address":"127.0.0.1","family":"IPv4","port":4500}],"hosting":[{"address":"127.0.0.1","family":"IPv4","port":5000}]},"metadata":{"message":"assigned listening specs for emulators"}}
[warn] !  emulators: It seems that you are running multiple instances of the emulator suite for project clone-f8c9e. This may result in unexpected behavior. 
[debug] [2022-10-19T09:41:37.332Z] [hub] writing locator at C:\Users\lenovo\AppData\Local\Temp\hub-clone-f8c9e.json
[debug] [2022-10-19T09:41:37.730Z] [functions] Functions Emulator only supports listening on one address (127.0.0.1). Not listening on ::1
[debug] [2022-10-19T09:41:37.731Z] [eventarc] Eventarc Emulator only supports listening on one address (127.0.0.1). Not listening on ::1
[debug] [2022-10-19T09:41:37.732Z] late-assigned ports for functions and eventarc emulators {"user":{"hub":[{"address":"127.0.0.1","family":"IPv4","port":4400},{"address":"::1","family":"IPv6","port":4400}],"ui":[{"address":"127.0.0.1","family":"IPv4","port":4000},{"address":"::1","family":"IPv6","port":4000}],"logging":[{"address":"127.0.0.1","family":"IPv4","port":4500}],"hosting":[{"address":"127.0.0.1","family":"IPv4","port":5000}],"functions":[{"address":"127.0.0.1","family":"IPv4","port":5001}],"eventarc":[{"address":"127.0.0.1","family":"IPv4","port":9299}]},"metadata":{"message":"late-assigned ports for functions and eventarc emulators"}}
[warn] !  functions: The following emulators are not running, calls to these services from the Functions emulator will affect production: auth, firestore, database, pubsub, storage {"metadata":{"emulator":{"name":"functions"},"message":"The following emulators are not running, calls to these services from the Functions emulator will affect production: \u001b[1mauth, firestore, database, pubsub, storage\u001b[22m"}}
[info] +  functions: Using node@16 from host. {"metadata":{"emulator":{"name":"functions"},"message":"Using node@16 from host."}}
[debug] [2022-10-19T09:41:38.310Z] defaultcredentials: writing to file C:\Users\lenovo\AppData\Roaming\firebase\shrutisharma786k_gmail_com_application_default_credentials.json
[debug] [2022-10-19T09:41:38.375Z] Setting GAC to C:\Users\lenovo\AppData\Roaming\firebase\shrutisharma786k_gmail_com_application_default_credentials.json {"metadata":{"emulator":{"name":"functions"},"message":"Setting GAC to C:\\Users\\lenovo\\AppData\\Roaming\\firebase\\shrutisharma786k_gmail_com_application_default_credentials.json"}}
[debug] [2022-10-19T09:41:38.380Z] > refreshing access token with scopes: []
[debug] [2022-10-19T09:41:38.393Z] >>> [apiv2][query] POST https://www.googleapis.com/oauth2/v3/token [none]
[debug] [2022-10-19T09:41:38.393Z] >>> [apiv2][body] POST https://www.googleapis.com/oauth2/v3/token [omitted]
[debug] [2022-10-19T09:41:38.695Z] <<< [apiv2][status] POST https://www.googleapis.com/oauth2/v3/token 200
[debug] [2022-10-19T09:41:38.695Z] <<< [apiv2][body] POST https://www.googleapis.com/oauth2/v3/token [omitted]
[debug] [2022-10-19T09:41:38.815Z] >>> [apiv2][query] GET https://firebase.googleapis.com/v1beta1/projects/clone-f8c9e/adminSdkConfig [none]
[debug] [2022-10-19T09:41:39.472Z] <<< [apiv2][status] GET https://firebase.googleapis.com/v1beta1/projects/clone-f8c9e/adminSdkConfig 200
[debug] [2022-10-19T09:41:39.473Z] <<< [apiv2][body] GET https://firebase.googleapis.com/v1beta1/projects/clone-f8c9e/adminSdkConfig {"projectId":"clone-f8c9e","storageBucket":"clone-f8c9e.appspot.com","locationId":"us-central"}
[debug] [2022-10-19T09:41:39.556Z] >>> [apiv2][query] GET https://firebasehosting.googleapis.com/v1beta1/projects/clone-f8c9e/sites 
[debug] [2022-10-19T09:41:40.762Z] <<< [apiv2][status] GET https://firebasehosting.googleapis.com/v1beta1/projects/clone-f8c9e/sites 200
[debug] [2022-10-19T09:41:40.763Z] <<< [apiv2][body] GET https://firebasehosting.googleapis.com/v1beta1/projects/clone-f8c9e/sites {"sites":[{"name":"projects/clone-f8c9e/sites/clone-f8c9e","defaultUrl":"https://clone-f8c9e.web.app","appId":"1:539582359240:web:b4082cca7c131fe6a9a7fd","type":"DEFAULT_SITE"}]}
[debug] [2022-10-19T09:41:40.764Z] >>> [apiv2][query] GET https://firebase.googleapis.com/v1beta1/projects/clone-f8c9e/webApps/1:539582359240:web:b4082cca7c131fe6a9a7fd/config [none]
[debug] [2022-10-19T09:41:42.099Z] <<< [apiv2][status] GET https://firebase.googleapis.com/v1beta1/projects/clone-f8c9e/webApps/1:539582359240:web:b4082cca7c131fe6a9a7fd/config 200
[debug] [2022-10-19T09:41:42.100Z] <<< [apiv2][body] GET https://firebase.googleapis.com/v1beta1/projects/clone-f8c9e/webApps/1:539582359240:web:b4082cca7c131fe6a9a7fd/config {"projectId":"clone-f8c9e","appId":"1:539582359240:web:b4082cca7c131fe6a9a7fd","storageBucket":"clone-f8c9e.appspot.com","locationId":"us-central","apiKey":"AIzaSyDjRqTBOWWzs7UnfkbOH7GywtVpwthcvto","authDomain":"clone-f8c9e.firebaseapp.com","messagingSenderId":"539582359240","measurementId":"G-ZS6GY79GST"}
[debug] [2022-10-19T09:41:42.130Z] >>> [apiv2][query] GET https://firebase.googleapis.com/v1beta1/projects/clone-f8c9e [none]
[debug] [2022-10-19T09:41:42.539Z] <<< [apiv2][status] GET https://firebase.googleapis.com/v1beta1/projects/clone-f8c9e 200
[debug] [2022-10-19T09:41:42.539Z] <<< [apiv2][body] GET https://firebase.googleapis.com/v1beta1/projects/clone-f8c9e {"projectId":"clone-f8c9e","projectNumber":"539582359240","displayName":"amazon-clone","name":"projects/clone-f8c9e","resources":{"hostingSite":"clone-f8c9e","storageBucket":"clone-f8c9e.appspot.com","locationId":"us-central"},"state":"ACTIVE","etag":"1_a42e08ec-6f6c-4663-b2f8-921d04a71963"}
[info] i  hosting[clone-f8c9e]: Serving hosting files from: build {"metadata":{"emulator":{"name":"hosting"},"message":"Serving hosting files from: \u001b[1mbuild\u001b[22m"}}
[info] +  hosting[clone-f8c9e]: Local server: http://127.0.0.1:5000 {"metadata":{"emulator":{"name":"hosting"},"message":"Local server: \u001b[4m\u001b[1mhttp://127.0.0.1:5000\u001b[22m\u001b[24m"}}
[debug] [2022-10-19T09:41:42.770Z] Ignoring unsupported arg: auto_download {"metadata":{"emulator":{"name":"ui"},"message":"Ignoring unsupported arg: auto_download"}}
[debug] [2022-10-19T09:41:42.771Z] Ignoring unsupported arg: port {"metadata":{"emulator":{"name":"ui"},"message":"Ignoring unsupported arg: port"}}
[debug] [2022-10-19T09:41:42.771Z] Starting Emulator UI with command {"binary":"node","args":["C:\\Users\\lenovo\\.cache\\firebase\\emulators\\ui-v1.11.1\\server\\server.js"],"optionalArgs":[],"joinArgs":false} {"metadata":{"emulator":{"name":"ui"},"message":"Starting Emulator UI with command {\"binary\":\"node\",\"args\":[\"C:\\\\Users\\\\lenovo\\\\.cache\\\\firebase\\\\emulators\\\\ui-v1.11.1\\\\server\\\\server.js\"],\"optionalArgs\":[],\"joinArgs\":false}"}}
[info] i  ui: Emulator UI logging to ui-debug.log {"metadata":{"emulator":{"name":"ui"},"message":"Emulator UI logging to \u001b[1mui-debug.log\u001b[22m"}}
[debug] [2022-10-19T09:41:43.523Z] Web / API server started at 127.0.0.1:4000
 {"metadata":{"emulator":{"name":"ui"},"message":"Web / API server started at 127.0.0.1:4000\n"}}
[debug] [2022-10-19T09:41:43.524Z] Web / API server started at ::1:4000
 {"metadata":{"emulator":{"name":"ui"},"message":"Web / API server started at ::1:4000\n"}}
[info] i  functions: Watching "E:\amazoncloneparentreact\amazonclonereact\functions" for Cloud Functions... {"metadata":{"emulator":{"name":"functions"},"message":"Watching \"E:\\amazoncloneparentreact\\amazonclonereact\\functions\" for Cloud Functions..."}}
[debug] [2022-10-19T09:41:43.643Z] Validating nodejs source
[warn] !  functions: package.json indicates an outdated version of firebase-functions. Please upgrade using npm install --save firebase-functions@latest in your functions directory. 
[debug] [2022-10-19T09:42:01.965Z] > [functions] package.json contents: {
  "name": "functions",
  "description": "Cloud Functions for Firebase",
  "scripts": {
    "lint": "eslint .",
    "serve": "firebase emulators:start --only functions",
    "shell": "firebase functions:shell",
    "start": "npm run shell",
    "deploy": "firebase deploy --only functions",
    "logs": "firebase functions:log"
  },
  "engines": {
    "node": "16"
  },
  "main": "index.js",
  "dependencies": {
    "cors": "^2.8.5",
    "express": "^4.18.2",
    "firebase-admin": "^10.0.2",
    "firebase-functions": "^4.0.0",
    "stripe": "^10.14.0"
  },
  "devDependencies": {
    "eslint": "^8.9.0",
    "eslint-config-google": "^0.14.0",
    "firebase-functions-test": "^0.2.0"
  },
  "private": true
}
[debug] [2022-10-19T09:42:01.966Z] Building nodejs source
[debug] [2022-10-19T09:42:01.966Z] Analyzing nodejs backend spec
[debug] [2022-10-19T09:42:01.978Z] Could not find functions.yaml. Must use http discovery
[debug] [2022-10-19T09:42:03.967Z] Serving at port 9005

[debug] [2022-10-19T09:42:05.918Z] Got response from /__/functions.yaml {"endpoints":{"api":{"platform":"gcfv1","availableMemoryMb":null,"timeoutSeconds":null,"minInstances":null,"maxInstances":null,"ingressSettings":null,"serviceAccountEmail":null,"vpc":null,"httpsTrigger":{},"entryPoint":"api"}},"specVersion":"v1alpha1","requiredAPIs":[]}
[debug] [2022-10-19T09:42:05.944Z] shutdown requested via /__/quitquitquit

[info] +  functions: Loaded functions definitions from source: api. {"metadata":{"emulator":{"name":"functions"},"message":"Loaded functions definitions from source: api."}}
[info] +  functions[us-central1-api]: http function initialized (http://127.0.0.1:5001/clone-f8c9e/us-central1/api). {"metadata":{"emulator":{"name":"functions"},"message":"\u001b[1mhttp\u001b[22m function initialized (http://127.0.0.1:5001/clone-f8c9e/us-central1/api)."}}
[info] 
┌─────────────────────────────────────────────────────────────┐
│ ✔  All emulators ready! It is now safe to connect your app. │
│ i  View Emulator UI at http://127.0.0.1:4000/               │
└─────────────────────────────────────────────────────────────┘

┌───────────┬────────────────┬─────────────────────────────────┐
│ Emulator  │ Host:Port      │ View in Emulator UI             │
├───────────┼────────────────┼─────────────────────────────────┤
│ Functions │ 127.0.0.1:5001 │ http://127.0.0.1:4000/functions │
├───────────┼────────────────┼─────────────────────────────────┤
│ Hosting   │ 127.0.0.1:5000 │ n/a                             │
└───────────┴────────────────┴─────────────────────────────────┘
  Emulator Hub running at 127.0.0.1:4400
  Other reserved ports: 4500

Issues? Report them at https://github.com/firebase/firebase-tools/issues and attach the *-debug.log files.
 
[debug] [2022-10-19T09:43:39.824Z] [work-queue] {"queueLength":1,"workRunningCount":0}
[debug] [2022-10-19T09:43:39.825Z] [work-queue] {"queueLength":0,"workRunningCount":1}
[debug] [2022-10-19T09:43:39.826Z] Accepted request POST /clone-f8c9e/us-central1/api/payments/create?total=478000 --> us-central1-api
[debug] [2022-10-19T09:43:39.840Z] [functions] Runtime ready! Sending request! {"metadata":{"emulator":{"name":"functions"},"message":"[functions] Runtime ready! Sending request!"}}
[debug] [2022-10-19T09:43:39.844Z] [functions] Got req.url=/clone-f8c9e/us-central1/api/payments/create?total=478000, mapping to path=/payments/create?total=478000 {"metadata":{"emulator":{"name":"functions"},"message":"[functions] Got req.url=/clone-f8c9e/us-central1/api/payments/create?total=478000, mapping to path=/payments/create?total=478000"}}
[debug] [2022-10-19T09:43:39.992Z] [worker-pool] addWorker(us-central1-api) {"metadata":{"emulator":{"name":"functions"},"message":"[worker-pool] addWorker(us-central1-api)"}}
[debug] [2022-10-19T09:43:39.994Z] [worker-pool] Adding worker with key us-central1-api, total=1 {"metadata":{"emulator":{"name":"functions"},"message":"[worker-pool] Adding worker with key us-central1-api, total=1"}}
[debug] [2022-10-19T09:43:40.006Z] [work-queue] {"queueLength":1,"workRunningCount":1}
[debug] [2022-10-19T09:43:40.006Z] [work-queue] {"queueLength":0,"workRunningCount":2}
[debug] [2022-10-19T09:43:40.007Z] Accepted request POST /clone-f8c9e/us-central1/api/payments/create?total=478000 --> us-central1-api
[debug] [2022-10-19T09:43:40.018Z] [functions] Runtime ready! Sending request! {"metadata":{"emulator":{"name":"functions"},"message":"[functions] Runtime ready! Sending request!"}}
[debug] [2022-10-19T09:43:40.061Z] [functions] Got req.url=/clone-f8c9e/us-central1/api/payments/create?total=478000, mapping to path=/payments/create?total=478000 {"metadata":{"emulator":{"name":"functions"},"message":"[functions] Got req.url=/clone-f8c9e/us-central1/api/payments/create?total=478000, mapping to path=/payments/create?total=478000"}}
[debug] [2022-10-19T09:43:40.062Z] [worker-pool] submitRequest(triggerId=us-central1-api) {"metadata":{"emulator":{"name":"functions"},"message":"[worker-pool] submitRequest(triggerId=us-central1-api)"}}
[debug] [2022-10-19T09:43:40.063Z] [worker-us-central1-api-62d3340e-b0bd-4493-a7a7-410ac8af500e]: BUSY {"metadata":{"emulator":{"name":"functions"},"message":"[worker-us-central1-api-62d3340e-b0bd-4493-a7a7-410ac8af500e]: BUSY"}}
[debug] [2022-10-19T09:43:40.072Z] [work-queue] {"queueLength":0,"workRunningCount":1}
[debug] [2022-10-19T09:43:40.250Z] [worker-us-central1-api-62d3340e-b0bd-4493-a7a7-410ac8af500e]: exited {"metadata":{"emulator":{"name":"functions"},"message":"[worker-us-central1-api-62d3340e-b0bd-4493-a7a7-410ac8af500e]: exited"}}
[debug] [2022-10-19T09:43:40.251Z] [worker-us-central1-api-62d3340e-b0bd-4493-a7a7-410ac8af500e]: FINISHED {"metadata":{"emulator":{"name":"functions"},"message":"[worker-us-central1-api-62d3340e-b0bd-4493-a7a7-410ac8af500e]: FINISHED"}}
[debug] [2022-10-19T09:44:04.225Z] [work-queue] {"queueLength":1,"workRunningCount":1}
[debug] [2022-10-19T09:44:04.227Z] [work-queue] {"queueLength":0,"workRunningCount":2}
[debug] [2022-10-19T09:44:04.228Z] Accepted request POST /clone-f8c9e/us-central1/api/payments/create?total=478000 --> us-central1-api
[debug] [2022-10-19T09:44:04.244Z] [functions] Runtime ready! Sending request! {"metadata":{"emulator":{"name":"functions"},"message":"[functions] Runtime ready! Sending request!"}}
[debug] [2022-10-19T09:44:04.245Z] [functions] Got req.url=/clone-f8c9e/us-central1/api/payments/create?total=478000, mapping to path=/payments/create?total=478000 {"metadata":{"emulator":{"name":"functions"},"message":"[functions] Got req.url=/clone-f8c9e/us-central1/api/payments/create?total=478000, mapping to path=/payments/create?total=478000"}}
[debug] [2022-10-19T09:44:04.245Z] [worker-pool] Cleaned up workers for us-central1-api: 1 --> 0 {"metadata":{"emulator":{"name":"functions"},"message":"[worker-pool] Cleaned up workers for us-central1-api: 1 --> 0"}}
[debug] [2022-10-19T09:44:04.341Z] [worker-pool] addWorker(us-central1-api) {"metadata":{"emulator":{"name":"functions"},"message":"[worker-pool] addWorker(us-central1-api)"}}
[debug] [2022-10-19T09:44:04.345Z] [worker-pool] Adding worker with key us-central1-api, total=1 {"metadata":{"emulator":{"name":"functions"},"message":"[worker-pool] Adding worker with key us-central1-api, total=1"}}
[debug] [2022-10-19T09:44:04.352Z] [work-queue] {"queueLength":1,"workRunningCount":2}
[debug] [2022-10-19T09:44:04.353Z] [work-queue] {"queueLength":0,"workRunningCount":3}
[debug] [2022-10-19T09:44:04.353Z] Accepted request POST /clone-f8c9e/us-central1/api/payments/create?total=478000 --> us-central1-api
[debug] [2022-10-19T09:44:04.363Z] [functions] Runtime ready! Sending request! {"metadata":{"emulator":{"name":"functions"},"message":"[functions] Runtime ready! Sending request!"}}
[debug] [2022-10-19T09:44:04.363Z] [functions] Got req.url=/clone-f8c9e/us-central1/api/payments/create?total=478000, mapping to path=/payments/create?total=478000 {"metadata":{"emulator":{"name":"functions"},"message":"[functions] Got req.url=/clone-f8c9e/us-central1/api/payments/create?total=478000, mapping to path=/payments/create?total=478000"}}
[debug] [2022-10-19T09:44:04.364Z] [worker-pool] submitRequest(triggerId=us-central1-api) {"metadata":{"emulator":{"name":"functions"},"message":"[worker-pool] submitRequest(triggerId=us-central1-api)"}}
[debug] [2022-10-19T09:44:04.365Z] [worker-us-central1-api-24b456e0-6289-474b-bbc6-842d63df63c9]: BUSY {"metadata":{"emulator":{"name":"functions"},"message":"[worker-us-central1-api-24b456e0-6289-474b-bbc6-842d63df63c9]: BUSY"}}
[debug] [2022-10-19T09:44:04.371Z] [work-queue] {"queueLength":0,"workRunningCount":2}
[debug] [2022-10-19T09:44:04.562Z] [worker-us-central1-api-24b456e0-6289-474b-bbc6-842d63df63c9]: exited {"metadata":{"emulator":{"name":"functions"},"message":"[worker-us-central1-api-24b456e0-6289-474b-bbc6-842d63df63c9]: exited"}}
[debug] [2022-10-19T09:44:04.562Z] [worker-us-central1-api-24b456e0-6289-474b-bbc6-842d63df63c9]: FINISHED {"metadata":{"emulator":{"name":"functions"},"message":"[worker-us-central1-api-24b456e0-6289-474b-bbc6-842d63df63c9]: FINISHED"}}
[debug] FirebaseError: Failed to load function.
    at Timeout._onTimeout (C:\Users\lenovo\AppData\Roaming\npm\node_modules\firebase-tools\lib\emulator\functionsRuntimeWorker.js:152:24)
    at listOnTimeout (node:internal/timers:559:17)
    at processTimers (node:internal/timers:502:7) {"metadata":{"emulator":{"name":"functions"},"message":{"name":"FirebaseError","children":[],"exit":1,"message":"Failed to load function.","status":500}}}
[debug] [2022-10-19T09:44:10.116Z] [work-queue] {"queueLength":0,"workRunningCount":1}
[debug] FirebaseError: Failed to load function.
    at Timeout._onTimeout (C:\Users\lenovo\AppData\Roaming\npm\node_modules\firebase-tools\lib\emulator\functionsRuntimeWorker.js:152:24)
    at listOnTimeout (node:internal/timers:559:17)
    at processTimers (node:internal/timers:502:7) {"metadata":{"emulator":{"name":"functions"},"message":{"name":"FirebaseError","children":[],"exit":1,"message":"Failed to load function.","status":500}}}
[debug] [2022-10-19T09:44:34.350Z] [work-queue] {"queueLength":0,"workRunningCount":0}
[debug] [2022-10-19T09:45:07.526Z] [work-queue] {"queueLength":1,"workRunningCount":0}
[debug] [2022-10-19T09:45:07.528Z] [work-queue] {"queueLength":0,"workRunningCount":1}
[debug] [2022-10-19T09:45:07.529Z] Accepted request POST /clone-f8c9e/us-central1/api/payments/create?total=478000 --> us-central1-api
[debug] [2022-10-19T09:45:07.545Z] [functions] Runtime ready! Sending request! {"metadata":{"emulator":{"name":"functions"},"message":"[functions] Runtime ready! Sending request!"}}
[debug] [2022-10-19T09:45:07.546Z] [functions] Got req.url=/clone-f8c9e/us-central1/api/payments/create?total=478000, mapping to path=/payments/create?total=478000 {"metadata":{"emulator":{"name":"functions"},"message":"[functions] Got req.url=/clone-f8c9e/us-central1/api/payments/create?total=478000, mapping to path=/payments/create?total=478000"}}
[debug] [2022-10-19T09:45:07.546Z] [worker-pool] Cleaned up workers for us-central1-api: 1 --> 0 {"metadata":{"emulator":{"name":"functions"},"message":"[worker-pool] Cleaned up workers for us-central1-api: 1 --> 0"}}
[debug] [2022-10-19T09:45:07.615Z] [worker-pool] addWorker(us-central1-api) {"metadata":{"emulator":{"name":"functions"},"message":"[worker-pool] addWorker(us-central1-api)"}}
[debug] [2022-10-19T09:45:07.615Z] [worker-pool] Adding worker with key us-central1-api, total=1 {"metadata":{"emulator":{"name":"functions"},"message":"[worker-pool] Adding worker with key us-central1-api, total=1"}}
[debug] [2022-10-19T09:45:07.634Z] [work-queue] {"queueLength":1,"workRunningCount":1}
[debug] [2022-10-19T09:45:07.634Z] [work-queue] {"queueLength":0,"workRunningCount":2}
[debug] [2022-10-19T09:45:07.635Z] Accepted request POST /clone-f8c9e/us-central1/api/payments/create?total=478000 --> us-central1-api
[debug] [2022-10-19T09:45:07.646Z] [functions] Runtime ready! Sending request! {"metadata":{"emulator":{"name":"functions"},"message":"[functions] Runtime ready! Sending request!"}}
[debug] [2022-10-19T09:45:07.648Z] [functions] Got req.url=/clone-f8c9e/us-central1/api/payments/create?total=478000, mapping to path=/payments/create?total=478000 {"metadata":{"emulator":{"name":"functions"},"message":"[functions] Got req.url=/clone-f8c9e/us-central1/api/payments/create?total=478000, mapping to path=/payments/create?total=478000"}}
[debug] [2022-10-19T09:45:07.649Z] [worker-pool] submitRequest(triggerId=us-central1-api) {"metadata":{"emulator":{"name":"functions"},"message":"[worker-pool] submitRequest(triggerId=us-central1-api)"}}
[debug] [2022-10-19T09:45:07.649Z] [worker-us-central1-api-1122a729-6275-4788-ba11-7d8f4d4520d2]: BUSY {"metadata":{"emulator":{"name":"functions"},"message":"[worker-us-central1-api-1122a729-6275-4788-ba11-7d8f4d4520d2]: BUSY"}}
[debug] [2022-10-19T09:45:07.654Z] [work-queue] {"queueLength":0,"workRunningCount":1}
[debug] [2022-10-19T09:45:07.763Z] [worker-us-central1-api-1122a729-6275-4788-ba11-7d8f4d4520d2]: exited {"metadata":{"emulator":{"name":"functions"},"message":"[worker-us-central1-api-1122a729-6275-4788-ba11-7d8f4d4520d2]: exited"}}
[debug] [2022-10-19T09:45:07.763Z] [worker-us-central1-api-1122a729-6275-4788-ba11-7d8f4d4520d2]: FINISHED {"metadata":{"emulator":{"name":"functions"},"message":"[worker-us-central1-api-1122a729-6275-4788-ba11-7d8f4d4520d2]: FINISHED"}}
[debug] FirebaseError: Failed to load function.
    at Timeout._onTimeout (C:\Users\lenovo\AppData\Roaming\npm\node_modules\firebase-tools\lib\emulator\functionsRuntimeWorker.js:152:24)
    at listOnTimeout (node:internal/timers:559:17)
    at processTimers (node:internal/timers:502:7) {"metadata":{"emulator":{"name":"functions"},"message":{"name":"FirebaseError","children":[],"exit":1,"message":"Failed to load function.","status":500}}}
[debug] [2022-10-19T09:45:37.669Z] [work-queue] {"queueLength":0,"workRunningCount":0}
[debug] [2022-10-19T10:26:38.231Z] Received signal SIGHUP 1
